<test>
<name>FileName</name>
</test>